#-----------------------------------------------------------
# Vivado v2025.1 (64-bit)
# SW Build 6140274 on Thu May 22 00:12:29 MDT 2025
# IP Build 6138677 on Thu May 22 03:10:11 MDT 2025
# SharedData Build 6139179 on Tue May 20 17:58:58 MDT 2025
# Start of session at: Thu Mar 26 02:34:23 2026
# Process ID         : 18464
# Current directory  : C:/Users/jhwjh/FPGA-based SDR/FPGA-based-SDR/sv
# Command line       : vivado.exe -mode batch -source create_project.tcl
# Log file           : C:/Users/jhwjh/FPGA-based SDR/FPGA-based-SDR/sv/vivado.log
# Journal file       : C:/Users/jhwjh/FPGA-based SDR/FPGA-based-SDR/sv\vivado.jou
# Running On         : LAPTOP-B9J79FMQ
# Platform           : Windows Server 2016 or Windows 10
# Operating System   : 26200
# Processor Detail   : 11th Gen Intel(R) Core(TM) i7-11800H @ 2.30GHz
# CPU Frequency      : 2304 MHz
# CPU Physical cores : 8
# CPU Logical cores  : 16
# Host memory        : 16905 MB
# Swap memory        : 17179 MB
# Total Virtual      : 34085 MB
# Available Virtual  : 7154 MB
#-----------------------------------------------------------
source create_project.tcl
# create_project FPGA_SDR ./ -part xc7a25tcsg325-2 -force
# set_property SIMULATOR_LANGUAGE Verilog [current_project]
INFO: [IP_Flow 19-234] Refreshing IP repositories
INFO: [IP_Flow 19-1704] No user IP repositories specified
INFO: [IP_Flow 19-2313] Loaded Vivado IP repository 'C:/Xilinx/2025.1/Vivado/data/ip'.
# set fifo [create_ip -name fifo_generator -vendor xilinx.com -library ip -version 13.2 -module_name fifo]
# set_property -dict [list \
#   CONFIG.Fifo_Implementation {Independent_Clocks_Block_RAM} \
#   CONFIG.Input_Depth {16} \
#   CONFIG.Valid_Flag {true} \
# ] [get_ips fifo]
# set_property -dict { 
#   GENERATE_SYNTH_CHECKPOINT {1}
# } $fifo
# generate_target all [get_ips fifo]
INFO: [IP_Flow 19-1686] Generating 'Instantiation Template' target for IP 'fifo'...
INFO: [IP_Flow 19-1686] Generating 'Synthesis' target for IP 'fifo'...
INFO: [IP_Flow 19-1686] Generating 'Simulation' target for IP 'fifo'...
INFO: [IP_Flow 19-1686] Generating 'Change Log' target for IP 'fifo'...
# add_files constraints.xdc
# set_property FILE_TYPE XDC [get_files constraints.xdc]
# set_property top AFC [current_fileset] 
# set include_path "./include"
# foreach file [glob -directory $include_path *] {
#      add_files $file    
# }
# set src_path "./src"
# foreach file [glob -directory $src_path *] {
#      add_files $file    
# }
# set tb_path "./tb"
# foreach file [glob -directory $tb_path *] {
#      add_files $file    
# }
# set wav_path "./waves"
# foreach file [glob -directory $wav_path *] {
#      add_files $file    
# }
INFO: [Common 17-206] Exiting Vivado at Thu Mar 26 02:34:30 2026...
